{
  "RSpec": {
    "coverage": {
      "/home/bitcanny/Desktop/Untitled Folder/rspec-test/spec/models/user_spec.rb": {
        "lines": [
          1,
          null,
          1,
          1,
          5,
          1,
          null,
          1,
          1,
          null,
          1,
          null,
          1,
          1,
          null,
          1,
          null,
          1,
          1,
          null,
          1,
          null,
          1,
          null,
          null,
          1,
          null,
          null,
          null,
          null,
          null,
          null,
          null,
          null,
          null,
          3,
          1,
          6,
          null,
          null,
          1,
          1,
          null,
          1,
          1,
          null,
          null,
          null
        ]
      },
      "/home/bitcanny/Desktop/Untitled Folder/rspec-test/spec/rails_helper.rb": {
        "lines": [
          null,
          1,
          1,
          1,
          null,
          1,
          1,
          1,
          null,
          null,
          null,
          null,
          null,
          null,
          null,
          null,
          null,
          null,
          null,
          null,
          null,
          null,
          null,
          null,
          null,
          null,
          null,
          null,
          1,
          null,
          0,
          0,
          null,
          1,
          null,
          1,
          null,
          null,
          null,
          null,
          1,
          null,
          null,
          null,
          null,
          null,
          null,
          null,
          null,
          null,
          null,
          null,
          null,
          null,
          null,
          null,
          null,
          null,
          1,
          null,
          null,
          1,
          null,
          null,
          null
        ]
      },
      "/home/bitcanny/Desktop/Untitled Folder/rspec-test/config/environment.rb": {
        "lines": [
          null,
          1,
          null,
          null,
          1
        ]
      },
      "/home/bitcanny/Desktop/Untitled Folder/rspec-test/config/application.rb": {
        "lines": [
          1,
          null,
          1,
          null,
          1,
          1,
          1,
          1,
          1,
          1,
          1,
          1,
          1,
          1,
          null,
          null,
          null,
          null,
          1,
          null,
          1,
          1,
          null,
          1,
          null,
          null,
          null,
          null,
          null,
          null,
          null,
          null,
          null,
          null,
          1,
          null,
          null
        ]
      },
      "/home/bitcanny/Desktop/Untitled Folder/rspec-test/config/boot.rb": {
        "lines": [
          1,
          null,
          1,
          1
        ]
      },
      "/home/bitcanny/Desktop/Untitled Folder/rspec-test/config/environments/test.rb": {
        "lines": [
          1,
          null,
          null,
          null,
          null,
          null,
          null,
          1,
          null,
          null,
          null,
          1,
          null,
          null,
          null,
          null,
          1,
          null,
          null,
          1,
          1,
          null,
          null,
          null,
          null,
          1,
          1,
          1,
          null,
          null,
          1,
          null,
          null,
          1,
          null,
          null,
          1,
          null,
          1,
          null,
          null,
          null,
          null,
          1,
          null,
          null,
          1,
          null,
          null,
          1,
          null,
          null,
          1,
          null,
          null,
          null,
          null,
          null,
          null,
          null
        ]
      },
      "/home/bitcanny/Desktop/Untitled Folder/rspec-test/config/initializers/assets.rb": {
        "lines": [
          null,
          null,
          null,
          1,
          null,
          null,
          null,
          null,
          null,
          null,
          null,
          null
        ]
      },
      "/home/bitcanny/Desktop/Untitled Folder/rspec-test/config/initializers/content_security_policy.rb": {
        "lines": [
          null,
          null,
          null,
          null,
          null,
          null,
          null,
          null,
          null,
          null,
          null,
          null,
          null,
          null,
          null,
          null,
          null,
          null,
          null,
          null,
          null,
          null,
          null,
          null,
          null
        ]
      },
      "/home/bitcanny/Desktop/Untitled Folder/rspec-test/config/initializers/filter_parameter_logging.rb": {
        "lines": [
          null,
          null,
          null,
          null,
          null,
          1,
          null,
          null
        ]
      },
      "/home/bitcanny/Desktop/Untitled Folder/rspec-test/config/initializers/inflections.rb": {
        "lines": [
          null,
          null,
          null,
          null,
          null,
          null,
          null,
          null,
          null,
          null,
          null,
          null,
          null,
          null,
          null,
          null
        ]
      },
      "/home/bitcanny/Desktop/Untitled Folder/rspec-test/config/initializers/permissions_policy.rb": {
        "lines": [
          null,
          null,
          null,
          null,
          null,
          null,
          null,
          null,
          null,
          null,
          null
        ]
      },
      "/home/bitcanny/Desktop/Untitled Folder/rspec-test/spec/factories/users.rb": {
        "lines": [
          1,
          null,
          null,
          null,
          null,
          null,
          null,
          1,
          15,
          15,
          15,
          15,
          null,
          null
        ]
      },
      "/home/bitcanny/Desktop/Untitled Folder/rspec-test/app/models/user.rb": {
        "lines": [
          1,
          2,
          2,
          1,
          1,
          1,
          null
        ]
      },
      "/home/bitcanny/Desktop/Untitled Folder/rspec-test/app/models/application_record.rb": {
        "lines": [
          1,
          1,
          null
        ]
      },
      "/home/bitcanny/Desktop/Untitled Folder/rspec-test/config/routes.rb": {
        "lines": [
          1,
          null,
          null,
          null,
          null,
          null
        ]
      },
      "/home/bitcanny/Desktop/Untitled Folder/rspec-test/app/helpers/application_helper.rb": {
        "lines": [
          1,
          null
        ]
      },
      "/home/bitcanny/Desktop/Untitled Folder/rspec-test/spec/support/factory_bot.rb": {
        "lines": [
          1,
          1,
          null
        ]
      }
    },
    "timestamp": 1664347466
  }
}
